<?xml version="1.0" encoding="UTF-8"?>
<testsuite xmlns:xsi="http://www.w3.org/2001/XMLSchema-instance" xsi:noNamespaceSchemaLocation="https://maven.apache.org/surefire/maven-surefire-plugin/xsd/surefire-test-report.xsd" name="TestSuite" time="178.233" tests="2" errors="0" skipped="0" failures="1">
  <properties>
    <property name="sun.desktop" value="windows"/>
    <property name="awt.toolkit" value="sun.awt.windows.WToolkit"/>
    <property name="file.encoding.pkg" value="sun.io"/>
    <property name="java.specification.version" value="1.8"/>
    <property name="sun.cpu.isalist" value="amd64"/>
    <property name="sun.jnu.encoding" value="GBK"/>
    <property name="java.class.path" value="D:\LenovoSoftstore\Install\Java\Work\shucai_app_web\target\test-classes;D:\LenovoSoftstore\Install\Java\Work\shucai_app_web\target\classes;D:\LenovoSoftstore\Install\Java\apache-maven-3.6.1\repository\io\appium\java-client\7.0.0\java-client-7.0.0.jar;D:\LenovoSoftstore\Install\Java\apache-maven-3.6.1\repository\org\seleniumhq\selenium\selenium-java\3.141.59\selenium-java-3.141.59.jar;D:\LenovoSoftstore\Install\Java\apache-maven-3.6.1\repository\org\seleniumhq\selenium\selenium-chrome-driver\3.141.59\selenium-chrome-driver-3.141.59.jar;D:\LenovoSoftstore\Install\Java\apache-maven-3.6.1\repository\org\seleniumhq\selenium\selenium-edge-driver\3.141.59\selenium-edge-driver-3.141.59.jar;D:\LenovoSoftstore\Install\Java\apache-maven-3.6.1\repository\org\seleniumhq\selenium\selenium-firefox-driver\3.141.59\selenium-firefox-driver-3.141.59.jar;D:\LenovoSoftstore\Install\Java\apache-maven-3.6.1\repository\org\seleniumhq\selenium\selenium-ie-driver\3.141.59\selenium-ie-driver-3.141.59.jar;D:\LenovoSoftstore\Install\Java\apache-maven-3.6.1\repository\org\seleniumhq\selenium\selenium-opera-driver\3.141.59\selenium-opera-driver-3.141.59.jar;D:\LenovoSoftstore\Install\Java\apache-maven-3.6.1\repository\org\seleniumhq\selenium\selenium-remote-driver\3.141.59\selenium-remote-driver-3.141.59.jar;D:\LenovoSoftstore\Install\Java\apache-maven-3.6.1\repository\org\seleniumhq\selenium\selenium-safari-driver\3.141.59\selenium-safari-driver-3.141.59.jar;D:\LenovoSoftstore\Install\Java\apache-maven-3.6.1\repository\net\bytebuddy\byte-buddy\1.8.15\byte-buddy-1.8.15.jar;D:\LenovoSoftstore\Install\Java\apache-maven-3.6.1\repository\org\apache\commons\commons-exec\1.3\commons-exec-1.3.jar;D:\LenovoSoftstore\Install\Java\apache-maven-3.6.1\repository\com\google\guava\guava\25.0-jre\guava-25.0-jre.jar;D:\LenovoSoftstore\Install\Java\apache-maven-3.6.1\repository\com\google\code\findbugs\jsr305\1.3.9\jsr305-1.3.9.jar;D:\LenovoSoftstore\Install\Java\apache-maven-3.6.1\repository\org\checkerframework\checker-compat-qual\2.0.0\checker-compat-qual-2.0.0.jar;D:\LenovoSoftstore\Install\Java\apache-maven-3.6.1\repository\com\google\errorprone\error_prone_annotations\2.1.3\error_prone_annotations-2.1.3.jar;D:\LenovoSoftstore\Install\Java\apache-maven-3.6.1\repository\com\google\j2objc\j2objc-annotations\1.1\j2objc-annotations-1.1.jar;D:\LenovoSoftstore\Install\Java\apache-maven-3.6.1\repository\org\codehaus\mojo\animal-sniffer-annotations\1.14\animal-sniffer-annotations-1.14.jar;D:\LenovoSoftstore\Install\Java\apache-maven-3.6.1\repository\com\squareup\okhttp3\okhttp\3.11.0\okhttp-3.11.0.jar;D:\LenovoSoftstore\Install\Java\apache-maven-3.6.1\repository\com\squareup\okio\okio\1.14.0\okio-1.14.0.jar;D:\LenovoSoftstore\Install\Java\apache-maven-3.6.1\repository\org\seleniumhq\selenium\selenium-support\3.141.59\selenium-support-3.141.59.jar;D:\LenovoSoftstore\Install\Java\apache-maven-3.6.1\repository\org\seleniumhq\selenium\selenium-api\3.141.59\selenium-api-3.141.59.jar;D:\LenovoSoftstore\Install\Java\apache-maven-3.6.1\repository\com\google\code\gson\gson\2.8.5\gson-2.8.5.jar;D:\LenovoSoftstore\Install\Java\apache-maven-3.6.1\repository\org\apache\httpcomponents\httpclient\4.5.6\httpclient-4.5.6.jar;D:\LenovoSoftstore\Install\Java\apache-maven-3.6.1\repository\org\apache\httpcomponents\httpcore\4.4.10\httpcore-4.4.10.jar;D:\LenovoSoftstore\Install\Java\apache-maven-3.6.1\repository\commons-logging\commons-logging\1.2\commons-logging-1.2.jar;D:\LenovoSoftstore\Install\Java\apache-maven-3.6.1\repository\commons-codec\commons-codec\1.10\commons-codec-1.10.jar;D:\LenovoSoftstore\Install\Java\apache-maven-3.6.1\repository\cglib\cglib\3.2.8\cglib-3.2.8.jar;D:\LenovoSoftstore\Install\Java\apache-maven-3.6.1\repository\org\ow2\asm\asm\6.2.1\asm-6.2.1.jar;D:\LenovoSoftstore\Install\Java\apache-maven-3.6.1\repository\org\apache\ant\ant\1.10.3\ant-1.10.3.jar;D:\LenovoSoftstore\Install\Java\apache-maven-3.6.1\repository\org\apache\ant\ant-launcher\1.10.3\ant-launcher-1.10.3.jar;D:\LenovoSoftstore\Install\Java\apache-maven-3.6.1\repository\commons-validator\commons-validator\1.6\commons-validator-1.6.jar;D:\LenovoSoftstore\Install\Java\apache-maven-3.6.1\repository\commons-beanutils\commons-beanutils\1.9.2\commons-beanutils-1.9.2.jar;D:\LenovoSoftstore\Install\Java\apache-maven-3.6.1\repository\commons-digester\commons-digester\1.8.1\commons-digester-1.8.1.jar;D:\LenovoSoftstore\Install\Java\apache-maven-3.6.1\repository\commons-collections\commons-collections\3.2.2\commons-collections-3.2.2.jar;D:\LenovoSoftstore\Install\Java\apache-maven-3.6.1\repository\org\apache\commons\commons-lang3\3.8\commons-lang3-3.8.jar;D:\LenovoSoftstore\Install\Java\apache-maven-3.6.1\repository\commons-io\commons-io\2.6\commons-io-2.6.jar;D:\LenovoSoftstore\Install\Java\apache-maven-3.6.1\repository\org\springframework\spring-context\5.1.0.RELEASE\spring-context-5.1.0.RELEASE.jar;D:\LenovoSoftstore\Install\Java\apache-maven-3.6.1\repository\org\springframework\spring-aop\5.1.0.RELEASE\spring-aop-5.1.0.RELEASE.jar;D:\LenovoSoftstore\Install\Java\apache-maven-3.6.1\repository\org\springframework\spring-beans\5.1.0.RELEASE\spring-beans-5.1.0.RELEASE.jar;D:\LenovoSoftstore\Install\Java\apache-maven-3.6.1\repository\org\springframework\spring-core\5.1.0.RELEASE\spring-core-5.1.0.RELEASE.jar;D:\LenovoSoftstore\Install\Java\apache-maven-3.6.1\repository\org\springframework\spring-jcl\5.1.0.RELEASE\spring-jcl-5.1.0.RELEASE.jar;D:\LenovoSoftstore\Install\Java\apache-maven-3.6.1\repository\org\springframework\spring-expression\5.1.0.RELEASE\spring-expression-5.1.0.RELEASE.jar;D:\LenovoSoftstore\Install\Java\apache-maven-3.6.1\repository\org\aspectj\aspectjweaver\1.9.1\aspectjweaver-1.9.1.jar;D:\LenovoSoftstore\Install\Java\apache-maven-3.6.1\repository\org\slf4j\slf4j-api\1.7.25\slf4j-api-1.7.25.jar;D:\LenovoSoftstore\Install\Java\apache-maven-3.6.1\repository\org\testng\testng\7.0.0\testng-7.0.0.jar;D:\LenovoSoftstore\Install\Java\apache-maven-3.6.1\repository\com\beust\jcommander\1.72\jcommander-1.72.jar;D:\LenovoSoftstore\Install\Java\apache-maven-3.6.1\repository\log4j\log4j\1.2.17\log4j-1.2.17.jar;D:\LenovoSoftstore\Install\Java\apache-maven-3.6.1\repository\io\qameta\allure\allure-testng\2.6.0\allure-testng-2.6.0.jar;D:\LenovoSoftstore\Install\Java\apache-maven-3.6.1\repository\io\qameta\allure\allure-descriptions-javadoc\2.6.0\allure-descriptions-javadoc-2.6.0.jar;D:\LenovoSoftstore\Install\Java\apache-maven-3.6.1\repository\io\qameta\allure\allure-java-commons\2.6.0\allure-java-commons-2.6.0.jar;D:\LenovoSoftstore\Install\Java\apache-maven-3.6.1\repository\io\qameta\allure\allure2-model-api\1.0-BETA6\allure2-model-api-1.0-BETA6.jar;D:\LenovoSoftstore\Install\Java\apache-maven-3.6.1\repository\io\qameta\allure\allure2-model-pojo\1.0-BETA6\allure2-model-pojo-1.0-BETA6.jar;D:\LenovoSoftstore\Install\Java\apache-maven-3.6.1\repository\org\apache\tika\tika-core\1.14\tika-core-1.14.jar;D:\LenovoSoftstore\Install\Java\apache-maven-3.6.1\repository\io\qameta\allure\allure2-model-jackson\1.0-BETA6\allure2-model-jackson-1.0-BETA6.jar;D:\LenovoSoftstore\Install\Java\apache-maven-3.6.1\repository\com\fasterxml\jackson\core\jackson-databind\2.7.0\jackson-databind-2.7.0.jar;D:\LenovoSoftstore\Install\Java\apache-maven-3.6.1\repository\com\fasterxml\jackson\core\jackson-annotations\2.7.0\jackson-annotations-2.7.0.jar;D:\LenovoSoftstore\Install\Java\apache-maven-3.6.1\repository\com\fasterxml\jackson\core\jackson-core\2.7.0\jackson-core-2.7.0.jar;D:\LenovoSoftstore\Install\Java\apache-maven-3.6.1\repository\com\fasterxml\jackson\module\jackson-module-jaxb-annotations\2.7.0\jackson-module-jaxb-annotations-2.7.0.jar;D:\LenovoSoftstore\Install\Java\apache-maven-3.6.1\repository\org\aspectj\aspectjrt\1.8.10\aspectjrt-1.8.10.jar;D:\LenovoSoftstore\Install\Java\apache-maven-3.6.1\repository\org\jooq\joor\0.9.6\joor-0.9.6.jar;"/>
    <property name="java.vm.vendor" value="Oracle Corporation"/>
    <property name="sun.arch.data.model" value="64"/>
    <property name="user.variant" value=""/>
    <property name="java.vendor.url" value="http://java.oracle.com/"/>
    <property name="user.timezone" value="Asia/Shanghai"/>
    <property name="java.vm.specification.version" value="1.8"/>
    <property name="os.name" value="Windows 10"/>
    <property name="user.country" value="CN"/>
    <property name="sun.java.launcher" value="SUN_STANDARD"/>
    <property name="sun.boot.library.path" value="D:\LenovoSoftstore\Install\Java\jdk1.8.0_231\jre\bin"/>
    <property name="sun.java.command" value="C:\Users\GSC\AppData\Local\Temp\surefire2421712267048121979\surefirebooter5317853082561632940.jar C:\Users\GSC\AppData\Local\Temp\surefire2421712267048121979 2023-03-05T20-26-15_703-jvmRun1 surefire3383882959129891904tmp surefire_06892578123129122026tmp"/>
    <property name="surefire.test.class.path" value="D:\LenovoSoftstore\Install\Java\Work\shucai_app_web\target\test-classes;D:\LenovoSoftstore\Install\Java\Work\shucai_app_web\target\classes;D:\LenovoSoftstore\Install\Java\apache-maven-3.6.1\repository\io\appium\java-client\7.0.0\java-client-7.0.0.jar;D:\LenovoSoftstore\Install\Java\apache-maven-3.6.1\repository\org\seleniumhq\selenium\selenium-java\3.141.59\selenium-java-3.141.59.jar;D:\LenovoSoftstore\Install\Java\apache-maven-3.6.1\repository\org\seleniumhq\selenium\selenium-chrome-driver\3.141.59\selenium-chrome-driver-3.141.59.jar;D:\LenovoSoftstore\Install\Java\apache-maven-3.6.1\repository\org\seleniumhq\selenium\selenium-edge-driver\3.141.59\selenium-edge-driver-3.141.59.jar;D:\LenovoSoftstore\Install\Java\apache-maven-3.6.1\repository\org\seleniumhq\selenium\selenium-firefox-driver\3.141.59\selenium-firefox-driver-3.141.59.jar;D:\LenovoSoftstore\Install\Java\apache-maven-3.6.1\repository\org\seleniumhq\selenium\selenium-ie-driver\3.141.59\selenium-ie-driver-3.141.59.jar;D:\LenovoSoftstore\Install\Java\apache-maven-3.6.1\repository\org\seleniumhq\selenium\selenium-opera-driver\3.141.59\selenium-opera-driver-3.141.59.jar;D:\LenovoSoftstore\Install\Java\apache-maven-3.6.1\repository\org\seleniumhq\selenium\selenium-remote-driver\3.141.59\selenium-remote-driver-3.141.59.jar;D:\LenovoSoftstore\Install\Java\apache-maven-3.6.1\repository\org\seleniumhq\selenium\selenium-safari-driver\3.141.59\selenium-safari-driver-3.141.59.jar;D:\LenovoSoftstore\Install\Java\apache-maven-3.6.1\repository\net\bytebuddy\byte-buddy\1.8.15\byte-buddy-1.8.15.jar;D:\LenovoSoftstore\Install\Java\apache-maven-3.6.1\repository\org\apache\commons\commons-exec\1.3\commons-exec-1.3.jar;D:\LenovoSoftstore\Install\Java\apache-maven-3.6.1\repository\com\google\guava\guava\25.0-jre\guava-25.0-jre.jar;D:\LenovoSoftstore\Install\Java\apache-maven-3.6.1\repository\com\google\code\findbugs\jsr305\1.3.9\jsr305-1.3.9.jar;D:\LenovoSoftstore\Install\Java\apache-maven-3.6.1\repository\org\checkerframework\checker-compat-qual\2.0.0\checker-compat-qual-2.0.0.jar;D:\LenovoSoftstore\Install\Java\apache-maven-3.6.1\repository\com\google\errorprone\error_prone_annotations\2.1.3\error_prone_annotations-2.1.3.jar;D:\LenovoSoftstore\Install\Java\apache-maven-3.6.1\repository\com\google\j2objc\j2objc-annotations\1.1\j2objc-annotations-1.1.jar;D:\LenovoSoftstore\Install\Java\apache-maven-3.6.1\repository\org\codehaus\mojo\animal-sniffer-annotations\1.14\animal-sniffer-annotations-1.14.jar;D:\LenovoSoftstore\Install\Java\apache-maven-3.6.1\repository\com\squareup\okhttp3\okhttp\3.11.0\okhttp-3.11.0.jar;D:\LenovoSoftstore\Install\Java\apache-maven-3.6.1\repository\com\squareup\okio\okio\1.14.0\okio-1.14.0.jar;D:\LenovoSoftstore\Install\Java\apache-maven-3.6.1\repository\org\seleniumhq\selenium\selenium-support\3.141.59\selenium-support-3.141.59.jar;D:\LenovoSoftstore\Install\Java\apache-maven-3.6.1\repository\org\seleniumhq\selenium\selenium-api\3.141.59\selenium-api-3.141.59.jar;D:\LenovoSoftstore\Install\Java\apache-maven-3.6.1\repository\com\google\code\gson\gson\2.8.5\gson-2.8.5.jar;D:\LenovoSoftstore\Install\Java\apache-maven-3.6.1\repository\org\apache\httpcomponents\httpclient\4.5.6\httpclient-4.5.6.jar;D:\LenovoSoftstore\Install\Java\apache-maven-3.6.1\repository\org\apache\httpcomponents\httpcore\4.4.10\httpcore-4.4.10.jar;D:\LenovoSoftstore\Install\Java\apache-maven-3.6.1\repository\commons-logging\commons-logging\1.2\commons-logging-1.2.jar;D:\LenovoSoftstore\Install\Java\apache-maven-3.6.1\repository\commons-codec\commons-codec\1.10\commons-codec-1.10.jar;D:\LenovoSoftstore\Install\Java\apache-maven-3.6.1\repository\cglib\cglib\3.2.8\cglib-3.2.8.jar;D:\LenovoSoftstore\Install\Java\apache-maven-3.6.1\repository\org\ow2\asm\asm\6.2.1\asm-6.2.1.jar;D:\LenovoSoftstore\Install\Java\apache-maven-3.6.1\repository\org\apache\ant\ant\1.10.3\ant-1.10.3.jar;D:\LenovoSoftstore\Install\Java\apache-maven-3.6.1\repository\org\apache\ant\ant-launcher\1.10.3\ant-launcher-1.10.3.jar;D:\LenovoSoftstore\Install\Java\apache-maven-3.6.1\repository\commons-validator\commons-validator\1.6\commons-validator-1.6.jar;D:\LenovoSoftstore\Install\Java\apache-maven-3.6.1\repository\commons-beanutils\commons-beanutils\1.9.2\commons-beanutils-1.9.2.jar;D:\LenovoSoftstore\Install\Java\apache-maven-3.6.1\repository\commons-digester\commons-digester\1.8.1\commons-digester-1.8.1.jar;D:\LenovoSoftstore\Install\Java\apache-maven-3.6.1\repository\commons-collections\commons-collections\3.2.2\commons-collections-3.2.2.jar;D:\LenovoSoftstore\Install\Java\apache-maven-3.6.1\repository\org\apache\commons\commons-lang3\3.8\commons-lang3-3.8.jar;D:\LenovoSoftstore\Install\Java\apache-maven-3.6.1\repository\commons-io\commons-io\2.6\commons-io-2.6.jar;D:\LenovoSoftstore\Install\Java\apache-maven-3.6.1\repository\org\springframework\spring-context\5.1.0.RELEASE\spring-context-5.1.0.RELEASE.jar;D:\LenovoSoftstore\Install\Java\apache-maven-3.6.1\repository\org\springframework\spring-aop\5.1.0.RELEASE\spring-aop-5.1.0.RELEASE.jar;D:\LenovoSoftstore\Install\Java\apache-maven-3.6.1\repository\org\springframework\spring-beans\5.1.0.RELEASE\spring-beans-5.1.0.RELEASE.jar;D:\LenovoSoftstore\Install\Java\apache-maven-3.6.1\repository\org\springframework\spring-core\5.1.0.RELEASE\spring-core-5.1.0.RELEASE.jar;D:\LenovoSoftstore\Install\Java\apache-maven-3.6.1\repository\org\springframework\spring-jcl\5.1.0.RELEASE\spring-jcl-5.1.0.RELEASE.jar;D:\LenovoSoftstore\Install\Java\apache-maven-3.6.1\repository\org\springframework\spring-expression\5.1.0.RELEASE\spring-expression-5.1.0.RELEASE.jar;D:\LenovoSoftstore\Install\Java\apache-maven-3.6.1\repository\org\aspectj\aspectjweaver\1.9.1\aspectjweaver-1.9.1.jar;D:\LenovoSoftstore\Install\Java\apache-maven-3.6.1\repository\org\slf4j\slf4j-api\1.7.25\slf4j-api-1.7.25.jar;D:\LenovoSoftstore\Install\Java\apache-maven-3.6.1\repository\org\testng\testng\7.0.0\testng-7.0.0.jar;D:\LenovoSoftstore\Install\Java\apache-maven-3.6.1\repository\com\beust\jcommander\1.72\jcommander-1.72.jar;D:\LenovoSoftstore\Install\Java\apache-maven-3.6.1\repository\log4j\log4j\1.2.17\log4j-1.2.17.jar;D:\LenovoSoftstore\Install\Java\apache-maven-3.6.1\repository\io\qameta\allure\allure-testng\2.6.0\allure-testng-2.6.0.jar;D:\LenovoSoftstore\Install\Java\apache-maven-3.6.1\repository\io\qameta\allure\allure-descriptions-javadoc\2.6.0\allure-descriptions-javadoc-2.6.0.jar;D:\LenovoSoftstore\Install\Java\apache-maven-3.6.1\repository\io\qameta\allure\allure-java-commons\2.6.0\allure-java-commons-2.6.0.jar;D:\LenovoSoftstore\Install\Java\apache-maven-3.6.1\repository\io\qameta\allure\allure2-model-api\1.0-BETA6\allure2-model-api-1.0-BETA6.jar;D:\LenovoSoftstore\Install\Java\apache-maven-3.6.1\repository\io\qameta\allure\allure2-model-pojo\1.0-BETA6\allure2-model-pojo-1.0-BETA6.jar;D:\LenovoSoftstore\Install\Java\apache-maven-3.6.1\repository\org\apache\tika\tika-core\1.14\tika-core-1.14.jar;D:\LenovoSoftstore\Install\Java\apache-maven-3.6.1\repository\io\qameta\allure\allure2-model-jackson\1.0-BETA6\allure2-model-jackson-1.0-BETA6.jar;D:\LenovoSoftstore\Install\Java\apache-maven-3.6.1\repository\com\fasterxml\jackson\core\jackson-databind\2.7.0\jackson-databind-2.7.0.jar;D:\LenovoSoftstore\Install\Java\apache-maven-3.6.1\repository\com\fasterxml\jackson\core\jackson-annotations\2.7.0\jackson-annotations-2.7.0.jar;D:\LenovoSoftstore\Install\Java\apache-maven-3.6.1\repository\com\fasterxml\jackson\core\jackson-core\2.7.0\jackson-core-2.7.0.jar;D:\LenovoSoftstore\Install\Java\apache-maven-3.6.1\repository\com\fasterxml\jackson\module\jackson-module-jaxb-annotations\2.7.0\jackson-module-jaxb-annotations-2.7.0.jar;D:\LenovoSoftstore\Install\Java\apache-maven-3.6.1\repository\org\aspectj\aspectjrt\1.8.10\aspectjrt-1.8.10.jar;D:\LenovoSoftstore\Install\Java\apache-maven-3.6.1\repository\org\jooq\joor\0.9.6\joor-0.9.6.jar;"/>
    <property name="sun.cpu.endian" value="little"/>
    <property name="allure.results.directory" value="D:\LenovoSoftstore\Install\Java\Work\shucai_app_web\target/allure-results"/>
    <property name="user.home" value="C:\Users\GSC"/>
    <property name="user.language" value="zh"/>
    <property name="java.specification.vendor" value="Oracle Corporation"/>
    <property name="java.home" value="D:\LenovoSoftstore\Install\Java\jdk1.8.0_231\jre"/>
    <property name="basedir" value="D:\LenovoSoftstore\Install\Java\Work\shucai_app_web"/>
    <property name="file.separator" value="\"/>
    <property name="line.separator" value="&#10;"/>
    <property name="java.vm.specification.vendor" value="Oracle Corporation"/>
    <property name="java.specification.name" value="Java Platform API Specification"/>
    <property name="java.awt.graphicsenv" value="sun.awt.Win32GraphicsEnvironment"/>
    <property name="surefire.real.class.path" value="C:\Users\GSC\AppData\Local\Temp\surefire2421712267048121979\surefirebooter5317853082561632940.jar;D:\LenovoSoftstore\Install\Java\apache-maven-3.6.1\repository/org/aspectj/aspectjweaver/1.9.2/aspectjweaver-1.9.2.jar"/>
    <property name="sun.boot.class.path" value="D:\LenovoSoftstore\Install\Java\jdk1.8.0_231\jre\lib\resources.jar;D:\LenovoSoftstore\Install\Java\jdk1.8.0_231\jre\lib\rt.jar;D:\LenovoSoftstore\Install\Java\jdk1.8.0_231\jre\lib\sunrsasign.jar;D:\LenovoSoftstore\Install\Java\jdk1.8.0_231\jre\lib\jsse.jar;D:\LenovoSoftstore\Install\Java\jdk1.8.0_231\jre\lib\jce.jar;D:\LenovoSoftstore\Install\Java\jdk1.8.0_231\jre\lib\charsets.jar;D:\LenovoSoftstore\Install\Java\jdk1.8.0_231\jre\lib\jfr.jar;D:\LenovoSoftstore\Install\Java\jdk1.8.0_231\jre\classes"/>
    <property name="user.script" value=""/>
    <property name="sun.management.compiler" value="HotSpot 64-Bit Tiered Compilers"/>
    <property name="java.runtime.version" value="1.8.0_231-b11"/>
    <property name="user.name" value="GSC"/>
    <property name="path.separator" value=";"/>
    <property name="os.version" value="10.0"/>
    <property name="java.endorsed.dirs" value="D:\LenovoSoftstore\Install\Java\jdk1.8.0_231\jre\lib\endorsed"/>
    <property name="java.runtime.name" value="Java(TM) SE Runtime Environment"/>
    <property name="file.encoding" value="UTF-8"/>
    <property name="java.vm.name" value="Java HotSpot(TM) 64-Bit Server VM"/>
    <property name="idea.version2020.1" value="true"/>
    <property name="localRepository" value="D:\LenovoSoftstore\Install\Java\apache-maven-3.6.1\repository"/>
    <property name="java.vendor.url.bug" value="http://bugreport.sun.com/bugreport/"/>
    <property name="java.io.tmpdir" value="C:\Users\GSC\AppData\Local\Temp\"/>
    <property name="java.version" value="1.8.0_231"/>
    <property name="user.dir" value="D:\LenovoSoftstore\Install\Java\Work\shucai_app_web"/>
    <property name="os.arch" value="amd64"/>
    <property name="java.vm.specification.name" value="Java Virtual Machine Specification"/>
    <property name="java.awt.printerjob" value="sun.awt.windows.WPrinterJob"/>
    <property name="sun.os.patch.level" value=""/>
    <property name="java.library.path" value="D:\LenovoSoftstore\Install\Java\jdk1.8.0_231\jre\bin;C:\WINDOWS\Sun\Java\bin;C:\WINDOWS\system32;C:\WINDOWS;C:\WINDOWS\system32;C:\WINDOWS;C:\WINDOWS\System32\Wbem;C:\WINDOWS\System32\WindowsPowerShell\v1.0\;C:\WINDOWS\System32\OpenSSH\;D:\LenovoSoftstore\Install\Java\jdk1.8.0_231\bin;D:\LenovoSoftstore\Install\Git\cmd;D:\LenovoSoftstore\Install\android-sdk-windows-appium\platform-tools;D:\LenovoSoftstore\Install\android-sdk-windows-appium\tools;D:\LenovoSoftstore\Install\android-sdk-windows-appium\build-tools\28.0.3;C:\Users\GSC\AppData\Local\Microsoft\WindowsApps;;."/>
    <property name="java.vm.info" value="mixed mode"/>
    <property name="java.vendor" value="Oracle Corporation"/>
    <property name="java.vm.version" value="25.231-b11"/>
    <property name="java.ext.dirs" value="D:\LenovoSoftstore\Install\Java\jdk1.8.0_231\jre\lib\ext;C:\WINDOWS\Sun\Java\lib\ext"/>
    <property name="sun.io.unicode.encoding" value="UnicodeLittle"/>
    <property name="maven.repo.local" value="D:\LenovoSoftstore\Install\Java\apache-maven-3.6.1\repository"/>
    <property name="java.class.version" value="52.0"/>
  </properties>
  <testcase name="testShopCase01" classname="com.shucai.app.cases.ShopCase" time="46.067"/>
  <testcase name="testShopCase02" classname="com.shucai.app.cases.ShopCase" time="112.175">
    <failure message="expected [1] but found [1]" type="java.lang.AssertionError">java.lang.AssertionError: expected [1] but found [1]
	at com.shucai.app.cases.ShopCase.testShopCase02(ShopCase.java:76)
</failure>
    <system-out><![CDATA[2023-03-05 20:27:22 INFO  BasePage:46 - 元素定位信息：By.id: me.ele:id/search
2023-03-05 20:28:36 INFO  BasePage:46 - 元素定位信息：By.id: me.ele:id/editor
2023-03-05 20:28:41 INFO  BasePage:46 - 元素定位信息：By.xpath: //*[@text='搜索']
2023-03-05 20:28:44 INFO  BasePage:36 - 元素定位信息：By.xpath: //android.view.ViewGroup
2023-03-05 20:29:06 INFO  BasePage:46 - 元素定位信息：By.AccessibilityId: 增加，按钮
2023-03-05 20:29:08 INFO  BasePage:46 - 元素定位信息：By.id: me.ele:id/cart_icon_view
2023-03-05 20:29:10 INFO  BasePage:36 - 元素定位信息：By.id: me.ele:id/quantity
]]></system-out>
  </testcase>
</testsuite>